{"C:\\Users\\Tomas\\Desktop\\Apps\\calculator\\src\\components\\Calculator.jsx": {"path":"C:\\Users\\Tomas\\Desktop\\Apps\\calculator\\src\\components\\Calculator.jsx","statementMap":{"0":{"start":{"line":8,"column":19},"end":{"line":61,"column":1}},"1":{"start":{"line":10,"column":30},"end":{"line":10,"column":42}},"2":{"start":{"line":12,"column":19},"end":{"line":22,"column":5}},"3":{"start":{"line":13,"column":8},"end":{"line":21,"column":9}},"4":{"start":{"line":14,"column":12},"end":{"line":18,"column":14}},"5":{"start":{"line":20,"column":12},"end":{"line":20,"column":25}},"6":{"start":{"line":24,"column":21},"end":{"line":26,"column":5}},"7":{"start":{"line":25,"column":8},"end":{"line":25,"column":31}},"8":{"start":{"line":29,"column":4},"end":{"line":60,"column":5}},"9":{"start":{"line":57,"column":42},"end":{"line":57,"column":54}}},"fnMap":{"0":{"name":"(anonymous_0)","decl":{"start":{"line":8,"column":19},"end":{"line":8,"column":20}},"loc":{"start":{"line":8,"column":25},"end":{"line":61,"column":1}},"line":8},"1":{"name":"(anonymous_1)","decl":{"start":{"line":12,"column":19},"end":{"line":12,"column":20}},"loc":{"start":{"line":12,"column":25},"end":{"line":22,"column":5}},"line":12},"2":{"name":"(anonymous_2)","decl":{"start":{"line":24,"column":21},"end":{"line":24,"column":22}},"loc":{"start":{"line":24,"column":30},"end":{"line":26,"column":5}},"line":24},"3":{"name":"(anonymous_3)","decl":{"start":{"line":57,"column":36},"end":{"line":57,"column":37}},"loc":{"start":{"line":57,"column":42},"end":{"line":57,"column":54}},"line":57}},"branchMap":{"0":{"loc":{"start":{"line":15,"column":16},"end":{"line":17,"column":29}},"type":"cond-expr","locations":[{"start":{"line":16,"column":18},"end":{"line":16,"column":40}},{"start":{"line":17,"column":18},"end":{"line":17,"column":29}}],"line":15},"1":{"loc":{"start":{"line":15,"column":16},"end":{"line":15,"column":67}},"type":"binary-expr","locations":[{"start":{"line":15,"column":16},"end":{"line":15,"column":38}},{"start":{"line":15,"column":42},"end":{"line":15,"column":67}}],"line":15}},"s":{"0":1,"1":12,"2":12,"3":2,"4":2,"5":1,"6":12,"7":5,"8":12,"9":1},"f":{"0":12,"1":2,"2":5,"3":1},"b":{"0":[0,1],"1":[2,0]},"_coverageSchema":"1a1c01bbd47fc00a2c39e90264f33305004495a9","hash":"d2fa39dd22303979505bc1f365b6015eee339311"}
,"C:\\Users\\Tomas\\Desktop\\Apps\\calculator\\src\\components\\Button\\Button.jsx": {"path":"C:\\Users\\Tomas\\Desktop\\Apps\\calculator\\src\\components\\Button\\Button.jsx","statementMap":{"0":{"start":{"line":4,"column":15},"end":{"line":16,"column":1}},"1":{"start":{"line":6,"column":19},"end":{"line":8,"column":3}},"2":{"start":{"line":7,"column":4},"end":{"line":7,"column":43}},"3":{"start":{"line":10,"column":2},"end":{"line":15,"column":3}},"4":{"start":{"line":12,"column":21},"end":{"line":12,"column":42}}},"fnMap":{"0":{"name":"(anonymous_0)","decl":{"start":{"line":4,"column":15},"end":{"line":4,"column":16}},"loc":{"start":{"line":4,"column":46},"end":{"line":16,"column":1}},"line":4},"1":{"name":"(anonymous_1)","decl":{"start":{"line":6,"column":19},"end":{"line":6,"column":20}},"loc":{"start":{"line":6,"column":28},"end":{"line":8,"column":3}},"line":6},"2":{"name":"(anonymous_2)","decl":{"start":{"line":12,"column":15},"end":{"line":12,"column":16}},"loc":{"start":{"line":12,"column":21},"end":{"line":12,"column":42}},"line":12}},"branchMap":{"0":{"loc":{"start":{"line":7,"column":11},"end":{"line":7,"column":42}},"type":"binary-expr","locations":[{"start":{"line":7,"column":11},"end":{"line":7,"column":23}},{"start":{"line":7,"column":28},"end":{"line":7,"column":41}}],"line":7},"1":{"loc":{"start":{"line":11,"column":41},"end":{"line":11,"column":77}},"type":"cond-expr","locations":[{"start":{"line":11,"column":62},"end":{"line":11,"column":72}},{"start":{"line":11,"column":75},"end":{"line":11,"column":77}}],"line":11}},"s":{"0":2,"1":193,"2":193,"3":193,"4":8},"f":{"0":193,"1":193,"2":8},"b":{"0":[193,72],"1":[60,133]},"_coverageSchema":"1a1c01bbd47fc00a2c39e90264f33305004495a9","hash":"037b6eddb97fbf3d356139e153e5cade038ff768"}
,"C:\\Users\\Tomas\\Desktop\\Apps\\calculator\\src\\components\\Clear\\Clear.jsx": {"path":"C:\\Users\\Tomas\\Desktop\\Apps\\calculator\\src\\components\\Clear\\Clear.jsx","statementMap":{"0":{"start":{"line":5,"column":4},"end":{"line":9,"column":5}}},"fnMap":{"0":{"name":"Clear","decl":{"start":{"line":4,"column":9},"end":{"line":4,"column":14}},"loc":{"start":{"line":4,"column":42},"end":{"line":10,"column":1}},"line":4}},"branchMap":{},"s":{"0":12},"f":{"0":12},"b":{},"_coverageSchema":"1a1c01bbd47fc00a2c39e90264f33305004495a9","hash":"369b58c25e96bc7eb61e1b3cbf5ab390c1b8b54e"}
,"C:\\Users\\Tomas\\Desktop\\Apps\\calculator\\src\\components\\Screen\\Screen.jsx": {"path":"C:\\Users\\Tomas\\Desktop\\Apps\\calculator\\src\\components\\Screen\\Screen.jsx","statementMap":{"0":{"start":{"line":5,"column":2},"end":{"line":9,"column":3}}},"fnMap":{"0":{"name":"Screen","decl":{"start":{"line":4,"column":9},"end":{"line":4,"column":15}},"loc":{"start":{"line":4,"column":27},"end":{"line":10,"column":1}},"line":4}},"branchMap":{},"s":{"0":12},"f":{"0":12},"b":{},"_coverageSchema":"1a1c01bbd47fc00a2c39e90264f33305004495a9","hash":"249ea480103d7109e41f67419c2a6447c207bb6c"}
}
