TN:
SF:src\components\Calculator.jsx
FN:8,(anonymous_0)
FN:12,(anonymous_1)
FN:24,(anonymous_2)
FN:57,(anonymous_3)
FNF:4
FNH:4
FNDA:12,(anonymous_0)
FNDA:2,(anonymous_1)
FNDA:5,(anonymous_2)
FNDA:1,(anonymous_3)
DA:8,1
DA:10,12
DA:12,12
DA:13,2
DA:14,2
DA:20,1
DA:24,12
DA:25,5
DA:29,12
DA:57,1
LF:10
LH:10
BRDA:15,0,0,0
BRDA:15,0,1,1
BRDA:15,1,0,2
BRDA:15,1,1,0
BRF:4
BRH:2
end_of_record
TN:
SF:src\components\Button\Button.jsx
FN:4,(anonymous_0)
FN:6,(anonymous_1)
FN:12,(anonymous_2)
FNF:3
FNH:3
FNDA:193,(anonymous_0)
FNDA:193,(anonymous_1)
FNDA:8,(anonymous_2)
DA:4,2
DA:6,193
DA:7,193
DA:10,193
DA:12,8
LF:5
LH:5
BRDA:7,0,0,193
BRDA:7,0,1,72
BRDA:11,1,0,60
BRDA:11,1,1,133
BRF:4
BRH:4
end_of_record
TN:
SF:src\components\Clear\Clear.jsx
FN:4,Clear
FNF:1
FNH:1
FNDA:12,Clear
DA:5,12
LF:1
LH:1
BRF:0
BRH:0
end_of_record
TN:
SF:src\components\Screen\Screen.jsx
FN:4,Screen
FNF:1
FNH:1
FNDA:12,Screen
DA:5,12
LF:1
LH:1
BRF:0
BRH:0
end_of_record
